# JRE version: OpenJDK Runtime Environment (11.0.2+9) (build 11.0.2+9)
# Java VM: OpenJDK 64-Bit Server VM (11.0.2+9, mixed mode, tiered, compressed oops, g1 gc, windows-amd64)
Heap:
 garbage-first heap   total 88064K, used 24435K [0x00000000e2200000, 0x0000000100000000)
  region size 1024K, 1 young (1024K), 1 survivors (1024K)
 Metaspace       used 46145K, capacity 48475K, committed 48592K, reserved 1091584K
  class space    used 6395K, capacity 7360K, committed 7380K, reserved 1048576K
GC Heap History (10 events):
Event: 19.794 GC heap after
{Heap after GC invocations=26 (full 0):
 garbage-first heap   total 30720K, used 23863K [0x00000000e2200000, 0x0000000100000000)
  region size 1024K, 1 young (1024K), 1 survivors (1024K)
 Metaspace       used 46037K, capacity 48414K, committed 48592K, reserved 1091584K
  class space    used 6387K, capacity 7361K, committed 7380K, reserved 1048576K
}
Event: 19.822 GC heap before
{Heap before GC invocations=26 (full 0):
 garbage-first heap   total 30720K, used 23863K [0x00000000e2200000, 0x0000000100000000)
  region size 1024K, 3 young (3072K), 1 survivors (1024K)
 Metaspace       used 46041K, capacity 48414K, committed 48592K, reserved 1091584K
  class space    used 6387K, capacity 7361K, committed 7380K, reserved 1048576K
}
Event: 19.828 GC heap after
{Heap after GC invocations=27 (full 0):
 garbage-first heap   total 51200K, used 23871K [0x00000000e2200000, 0x0000000100000000)
  region size 1024K, 1 young (1024K), 1 survivors (1024K)
 Metaspace       used 46041K, capacity 48414K, committed 48592K, reserved 1091584K
  class space    used 6387K, capacity 7361K, committed 7380K, reserved 1048576K
}
Event: 20.105 GC heap before
{Heap before GC invocations=28 (full 0):
 garbage-first heap   total 51200K, used 32063K [0x00000000e2200000, 0x0000000100000000)
  region size 1024K, 10 young (10240K), 1 survivors (1024K)
 Metaspace       used 46105K, capacity 48475K, committed 48592K, reserved 1091584K
  class space    used 6393K, capacity 7360K, committed 7380K, reserved 1048576K
}
Event: 20.108 GC heap after
{Heap after GC invocations=29 (full 0):
 garbage-first heap   total 51200K, used 23935K [0x00000000e2200000, 0x0000000100000000)
  region size 1024K, 1 young (1024K), 1 survivors (1024K)
 Metaspace       used 46105K, capacity 48475K, committed 48592K, reserved 1091584K
  class space    used 6393K, capacity 7360K, committed 7380K, reserved 1048576K
}
Event: 20.260 GC heap before
{Heap before GC invocations=29 (full 0):
 garbage-first heap   total 51200K, used 33151K [0x00000000e2200000, 0x0000000100000000)
  region size 1024K, 11 young (11264K), 1 survivors (1024K)
 Metaspace       used 46125K, capacity 48475K, committed 48592K, reserved 1091584K
  class space    used 6394K, capacity 7360K, committed 7380K, reserved 1048576K
}
Event: 20.267 GC heap after
{Heap after GC invocations=30 (full 0):
 garbage-first heap   total 51200K, used 24134K [0x00000000e2200000, 0x0000000100000000)
  region size 1024K, 1 young (1024K), 1 survivors (1024K)
 Metaspace       used 46125K, capacity 48475K, committed 48592K, reserved 1091584K
  class space    used 6394K, capacity 7360K, committed 7380K, reserved 1048576K
}
Event: 20.478 GC heap before
{Heap before GC invocations=30 (full 0):
 garbage-first heap   total 51200K, used 34374K [0x00000000e2200000, 0x0000000100000000)
  region size 1024K, 12 young (12288K), 1 survivors (1024K)
 Metaspace       used 46145K, capacity 48475K, committed 48592K, reserved 1091584K
  class space    used 6395K, capacity 7360K, committed 7380K, reserved 1048576K
}
Event: 20.490 GC heap after
{Heap after GC invocations=31 (full 0):
 garbage-first heap   total 51200K, used 24259K [0x00000000e2200000, 0x0000000100000000)
  region size 1024K, 1 young (1024K), 1 survivors (1024K)
 Metaspace       used 46145K, capacity 48475K, committed 48592K, reserved 1091584K
  class space    used 6395K, capacity 7360K, committed 7380K, reserved 1048576K
}
Event: 20.624 GC heap before
{Heap before GC invocations=32 (full 0):
 garbage-first heap   total 51200K, used 35523K [0x00000000e2200000, 0x0000000100000000)
  region size 1024K, 14 young (14336K), 1 survivors (1024K)
 Metaspace       used 46145K, capacity 48475K, committed 48592K, reserved 1091584K
  class space    used 6395K, capacity 7360K, committed 7380K, reserved 1048576K
}

