# JRE version: OpenJDK Runtime Environment (11.0.2+9) (build 11.0.2+9)
# Java VM: OpenJDK 64-Bit Server VM (11.0.2+9, mixed mode, tiered, compressed oops, g1 gc, windows-amd64)
Heap:
 garbage-first heap   total 167936K, used 26247K [0x00000000e2200000, 0x0000000100000000)
  region size 1024K, 3 young (3072K), 3 survivors (3072K)
 Metaspace       used 46436K, capacity 48810K, committed 48968K, reserved 1091584K
  class space    used 6437K, capacity 7430K, committed 7548K, reserved 1048576K
GC Heap History (10 events):
Event: 26.407 GC heap after
{Heap after GC invocations=31 (full 0):
 garbage-first heap   total 48128K, used 24299K [0x00000000e2200000, 0x0000000100000000)
  region size 1024K, 1 young (1024K), 1 survivors (1024K)
 Metaspace       used 46236K, capacity 48572K, committed 48840K, reserved 1091584K
  class space    used 6419K, capacity 7393K, committed 7420K, reserved 1048576K
}
Event: 26.495 GC heap before
{Heap before GC invocations=31 (full 0):
 garbage-first heap   total 48128K, used 34539K [0x00000000e2200000, 0x0000000100000000)
  region size 1024K, 12 young (12288K), 1 survivors (1024K)
 Metaspace       used 46236K, capacity 48572K, committed 48840K, reserved 1091584K
  class space    used 6419K, capacity 7393K, committed 7420K, reserved 1048576K
}
Event: 26.508 GC heap after
{Heap after GC invocations=32 (full 0):
 garbage-first heap   total 87040K, used 24518K [0x00000000e2200000, 0x0000000100000000)
  region size 1024K, 1 young (1024K), 1 survivors (1024K)
 Metaspace       used 46236K, capacity 48572K, committed 48840K, reserved 1091584K
  class space    used 6419K, capacity 7393K, committed 7420K, reserved 1048576K
}
Event: 26.875 GC heap before
{Heap before GC invocations=33 (full 0):
 garbage-first heap   total 87040K, used 52166K [0x00000000e2200000, 0x0000000100000000)
  region size 1024K, 30 young (30720K), 1 survivors (1024K)
 Metaspace       used 46243K, capacity 48572K, committed 48840K, reserved 1091584K
  class space    used 6419K, capacity 7393K, committed 7420K, reserved 1048576K
}
Event: 26.886 GC heap after
{Heap after GC invocations=34 (full 0):
 garbage-first heap   total 87040K, used 24819K [0x00000000e2200000, 0x0000000100000000)
  region size 1024K, 2 young (2048K), 2 survivors (2048K)
 Metaspace       used 46243K, capacity 48572K, committed 48840K, reserved 1091584K
  class space    used 6419K, capacity 7393K, committed 7420K, reserved 1048576K
}
Event: 27.584 GC heap before
{Heap before GC invocations=34 (full 0):
 garbage-first heap   total 87040K, used 63731K [0x00000000e2200000, 0x0000000100000000)
  region size 1024K, 41 young (41984K), 2 survivors (2048K)
 Metaspace       used 46286K, capacity 48572K, committed 48840K, reserved 1091584K
  class space    used 6422K, capacity 7393K, committed 7420K, reserved 1048576K
}
Event: 27.593 GC heap after
{Heap after GC invocations=35 (full 0):
 garbage-first heap   total 87040K, used 25272K [0x00000000e2200000, 0x0000000100000000)
  region size 1024K, 2 young (2048K), 2 survivors (2048K)
 Metaspace       used 46286K, capacity 48572K, committed 48840K, reserved 1091584K
  class space    used 6422K, capacity 7393K, committed 7420K, reserved 1048576K
}
Event: 28.917 GC heap before
{Heap before GC invocations=35 (full 0):
 garbage-first heap   total 87040K, used 67256K [0x00000000e2200000, 0x0000000100000000)
  region size 1024K, 45 young (46080K), 2 survivors (2048K)
 Metaspace       used 46420K, capacity 48778K, committed 48840K, reserved 1091584K
  class space    used 6436K, capacity 7398K, committed 7420K, reserved 1048576K
}
Event: 28.936 GC heap after
{Heap after GC invocations=36 (full 0):
 garbage-first heap   total 87040K, used 25798K [0x00000000e2200000, 0x0000000100000000)
  region size 1024K, 2 young (2048K), 2 survivors (2048K)
 Metaspace       used 46420K, capacity 48778K, committed 48840K, reserved 1091584K
  class space    used 6436K, capacity 7398K, committed 7420K, reserved 1048576K
}
Event: 29.311 GC heap before
{Heap before GC invocations=36 (full 0):
 garbage-first heap   total 87040K, used 67782K [0x00000000e2200000, 0x0000000100000000)
  region size 1024K, 44 young (45056K), 2 survivors (2048K)
 Metaspace       used 46436K, capacity 48810K, committed 48968K, reserved 1091584K
  class space    used 6437K, capacity 7430K, committed 7548K, reserved 1048576K
}

