# JRE version: OpenJDK Runtime Environment (11.0.2+9) (build 11.0.2+9)
# Java VM: OpenJDK 64-Bit Server VM (11.0.2+9, mixed mode, tiered, compressed oops, g1 gc, windows-amd64)
Heap:
 garbage-first heap   total 54272K, used 23886K [0x00000000e2200000, 0x0000000100000000)
  region size 1024K, 1 young (1024K), 1 survivors (1024K)
 Metaspace       used 46066K, capacity 48413K, committed 48556K, reserved 1091584K
  class space    used 6388K, capacity 7361K, committed 7424K, reserved 1048576K
GC Heap History (10 events):
Event: 17.424 GC heap before
{Heap before GC invocations=20 (full 0):
 garbage-first heap   total 36864K, used 26417K [0x00000000e2200000, 0x0000000100000000)
  region size 1024K, 5 young (5120K), 1 survivors (1024K)
 Metaspace       used 46060K, capacity 48413K, committed 48556K, reserved 1091584K
  class space    used 6388K, capacity 7361K, committed 7424K, reserved 1048576K
}
Event: 17.426 GC heap after
{Heap after GC invocations=21 (full 0):
 garbage-first heap   total 36864K, used 23419K [0x00000000e2200000, 0x0000000100000000)
  region size 1024K, 1 young (1024K), 1 survivors (1024K)
 Metaspace       used 46060K, capacity 48413K, committed 48556K, reserved 1091584K
  class space    used 6388K, capacity 7361K, committed 7424K, reserved 1048576K
}
Event: 17.478 GC heap before
{Heap before GC invocations=22 (full 0):
 garbage-first heap   total 36864K, used 27515K [0x00000000e2200000, 0x0000000100000000)
  region size 1024K, 5 young (5120K), 1 survivors (1024K)
 Metaspace       used 46061K, capacity 48413K, committed 48556K, reserved 1091584K
  class space    used 6388K, capacity 7361K, committed 7424K, reserved 1048576K
}
Event: 17.481 GC heap after
{Heap after GC invocations=23 (full 0):
 garbage-first heap   total 36864K, used 23439K [0x00000000e2200000, 0x0000000100000000)
  region size 1024K, 1 young (1024K), 1 survivors (1024K)
 Metaspace       used 46061K, capacity 48413K, committed 48556K, reserved 1091584K
  class space    used 6388K, capacity 7361K, committed 7424K, reserved 1048576K
}
Event: 17.521 GC heap before
{Heap before GC invocations=23 (full 0):
 garbage-first heap   total 36864K, used 26511K [0x00000000e2200000, 0x0000000100000000)
  region size 1024K, 5 young (5120K), 1 survivors (1024K)
 Metaspace       used 46062K, capacity 48413K, committed 48556K, reserved 1091584K
  class space    used 6388K, capacity 7361K, committed 7424K, reserved 1048576K
}
Event: 17.526 GC heap after
{Heap after GC invocations=24 (full 0):
 garbage-first heap   total 36864K, used 23470K [0x00000000e2200000, 0x0000000100000000)
  region size 1024K, 1 young (1024K), 1 survivors (1024K)
 Metaspace       used 46062K, capacity 48413K, committed 48556K, reserved 1091584K
  class space    used 6388K, capacity 7361K, committed 7424K, reserved 1048576K
}
Event: 17.590 GC heap before
{Heap before GC invocations=24 (full 0):
 garbage-first heap   total 36864K, used 27566K [0x00000000e2200000, 0x0000000100000000)
  region size 1024K, 7 young (7168K), 1 survivors (1024K)
 Metaspace       used 46063K, capacity 48413K, committed 48556K, reserved 1091584K
  class space    used 6388K, capacity 7361K, committed 7424K, reserved 1048576K
}
Event: 17.593 GC heap after
{Heap after GC invocations=25 (full 0):
 garbage-first heap   total 36864K, used 23674K [0x00000000e2200000, 0x0000000100000000)
  region size 1024K, 1 young (1024K), 1 survivors (1024K)
 Metaspace       used 46063K, capacity 48413K, committed 48556K, reserved 1091584K
  class space    used 6388K, capacity 7361K, committed 7424K, reserved 1048576K
}
Event: 17.663 GC heap before
{Heap before GC invocations=25 (full 0):
 garbage-first heap   total 36864K, used 27770K [0x00000000e2200000, 0x0000000100000000)
  region size 1024K, 6 young (6144K), 1 survivors (1024K)
 Metaspace       used 46065K, capacity 48413K, committed 48556K, reserved 1091584K
  class space    used 6388K, capacity 7361K, committed 7424K, reserved 1048576K
}
Event: 17.668 GC heap after
{Heap after GC invocations=26 (full 0):
 garbage-first heap   total 36864K, used 23651K [0x00000000e2200000, 0x0000000100000000)
  region size 1024K, 1 young (1024K), 1 survivors (1024K)
 Metaspace       used 46065K, capacity 48413K, committed 48556K, reserved 1091584K
  class space    used 6388K, capacity 7361K, committed 7424K, reserved 1048576K
}

