# JRE version: OpenJDK Runtime Environment (11.0.2+9) (build 11.0.2+9)
# Java VM: OpenJDK 64-Bit Server VM (11.0.2+9, mixed mode, tiered, compressed oops, g1 gc, windows-amd64)
Heap:
 garbage-first heap   total 80896K, used 54043K [0x00000000e2200000, 0x0000000100000000)
  region size 1024K, 32 young (32768K), 2 survivors (2048K)
 Metaspace       used 46219K, capacity 48550K, committed 48592K, reserved 1091584K
  class space    used 6401K, capacity 7364K, committed 7380K, reserved 1048576K
GC Heap History (10 events):
Event: 21.866 GC heap before
{Heap before GC invocations=29 (full 0):
 garbage-first heap   total 40960K, used 29233K [0x00000000e2200000, 0x0000000100000000)
  region size 1024K, 7 young (7168K), 1 survivors (1024K)
 Metaspace       used 46112K, capacity 48474K, committed 48592K, reserved 1091584K
  class space    used 6393K, capacity 7360K, committed 7380K, reserved 1048576K
}
Event: 21.871 GC heap after
{Heap after GC invocations=30 (full 0):
 garbage-first heap   total 40960K, used 24183K [0x00000000e2200000, 0x0000000100000000)
  region size 1024K, 1 young (1024K), 1 survivors (1024K)
 Metaspace       used 46112K, capacity 48474K, committed 48592K, reserved 1091584K
  class space    used 6393K, capacity 7360K, committed 7380K, reserved 1048576K
}
Event: 21.933 GC heap before
{Heap before GC invocations=30 (full 0):
 garbage-first heap   total 40960K, used 29303K [0x00000000e2200000, 0x0000000100000000)
  region size 1024K, 7 young (7168K), 1 survivors (1024K)
 Metaspace       used 46139K, capacity 48474K, committed 48592K, reserved 1091584K
  class space    used 6396K, capacity 7360K, committed 7380K, reserved 1048576K
}
Event: 21.942 GC heap after
{Heap after GC invocations=31 (full 0):
 garbage-first heap   total 40960K, used 24268K [0x00000000e2200000, 0x0000000100000000)
  region size 1024K, 1 young (1024K), 1 survivors (1024K)
 Metaspace       used 46139K, capacity 48474K, committed 48592K, reserved 1091584K
  class space    used 6396K, capacity 7360K, committed 7380K, reserved 1048576K
}
Event: 22.023 GC heap before
{Heap before GC invocations=31 (full 0):
 garbage-first heap   total 40960K, used 30412K [0x00000000e2200000, 0x0000000100000000)
  region size 1024K, 9 young (9216K), 1 survivors (1024K)
 Metaspace       used 46158K, capacity 48477K, committed 48592K, reserved 1091584K
  class space    used 6399K, capacity 7361K, committed 7380K, reserved 1048576K
}
Event: 22.034 GC heap after
{Heap after GC invocations=32 (full 0):
 garbage-first heap   total 80896K, used 24388K [0x00000000e2200000, 0x0000000100000000)
  region size 1024K, 1 young (1024K), 1 survivors (1024K)
 Metaspace       used 46158K, capacity 48477K, committed 48592K, reserved 1091584K
  class space    used 6399K, capacity 7361K, committed 7380K, reserved 1048576K
}
Event: 22.285 GC heap before
{Heap before GC invocations=33 (full 0):
 garbage-first heap   total 80896K, used 47940K [0x00000000e2200000, 0x0000000100000000)
  region size 1024K, 25 young (25600K), 1 survivors (1024K)
 Metaspace       used 46165K, capacity 48477K, committed 48592K, reserved 1091584K
  class space    used 6400K, capacity 7361K, committed 7380K, reserved 1048576K
}
Event: 22.295 GC heap after
{Heap after GC invocations=34 (full 0):
 garbage-first heap   total 80896K, used 24683K [0x00000000e2200000, 0x0000000100000000)
  region size 1024K, 1 young (1024K), 1 survivors (1024K)
 Metaspace       used 46165K, capacity 48477K, committed 48592K, reserved 1091584K
  class space    used 6400K, capacity 7361K, committed 7380K, reserved 1048576K
}
Event: 22.443 GC heap before
{Heap before GC invocations=34 (full 0):
 garbage-first heap   total 80896K, used 51307K [0x00000000e2200000, 0x0000000100000000)
  region size 1024K, 28 young (28672K), 1 survivors (1024K)
 Metaspace       used 46168K, capacity 48477K, committed 48592K, reserved 1091584K
  class space    used 6400K, capacity 7361K, committed 7380K, reserved 1048576K
}
Event: 22.452 GC heap after
{Heap after GC invocations=35 (full 0):
 garbage-first heap   total 80896K, used 25017K [0x00000000e2200000, 0x0000000100000000)
  region size 1024K, 2 young (2048K), 2 survivors (2048K)
 Metaspace       used 46168K, capacity 48477K, committed 48592K, reserved 1091584K
  class space    used 6400K, capacity 7361K, committed 7380K, reserved 1048576K
}

