# JRE version: OpenJDK Runtime Environment (11.0.2+9) (build 11.0.2+9)
# Java VM: OpenJDK 64-Bit Server VM (11.0.2+9, mixed mode, tiered, compressed oops, g1 gc, windows-amd64)
Heap:
 garbage-first heap   total 36864K, used 23590K [0x00000000e2200000, 0x0000000100000000)
  region size 1024K, 1 young (1024K), 1 survivors (1024K)
 Metaspace       used 46094K, capacity 48420K, committed 48592K, reserved 1091584K
  class space    used 6393K, capacity 7363K, committed 7380K, reserved 1048576K
GC Heap History (10 events):
Event: 22.756 GC heap after
{Heap after GC invocations=22 (full 0):
 garbage-first heap   total 30720K, used 23512K [0x00000000e2200000, 0x0000000100000000)
  region size 1024K, 1 young (1024K), 1 survivors (1024K)
 Metaspace       used 46063K, capacity 48356K, committed 48592K, reserved 1091584K
  class space    used 6390K, capacity 7363K, committed 7380K, reserved 1048576K
}
Event: 22.790 GC heap before
{Heap before GC invocations=22 (full 0):
 garbage-first heap   total 30720K, used 23512K [0x00000000e2200000, 0x0000000100000000)
  region size 1024K, 2 young (2048K), 1 survivors (1024K)
 Metaspace       used 46071K, capacity 48356K, committed 48592K, reserved 1091584K
  class space    used 6390K, capacity 7363K, committed 7380K, reserved 1048576K
}
Event: 22.794 GC heap after
{Heap after GC invocations=23 (full 0):
 garbage-first heap   total 30720K, used 23519K [0x00000000e2200000, 0x0000000100000000)
  region size 1024K, 1 young (1024K), 1 survivors (1024K)
 Metaspace       used 46071K, capacity 48356K, committed 48592K, reserved 1091584K
  class space    used 6390K, capacity 7363K, committed 7380K, reserved 1048576K
}
Event: 22.804 GC heap before
{Heap before GC invocations=23 (full 0):
 garbage-first heap   total 30720K, used 23519K [0x00000000e2200000, 0x0000000100000000)
  region size 1024K, 2 young (2048K), 1 survivors (1024K)
 Metaspace       used 46087K, capacity 48356K, committed 48592K, reserved 1091584K
  class space    used 6392K, capacity 7363K, committed 7380K, reserved 1048576K
}
Event: 22.814 GC heap after
{Heap after GC invocations=24 (full 0):
 garbage-first heap   total 30720K, used 23502K [0x00000000e2200000, 0x0000000100000000)
  region size 1024K, 1 young (1024K), 1 survivors (1024K)
 Metaspace       used 46087K, capacity 48356K, committed 48592K, reserved 1091584K
  class space    used 6392K, capacity 7363K, committed 7380K, reserved 1048576K
}
Event: 22.827 GC heap before
{Heap before GC invocations=24 (full 0):
 garbage-first heap   total 30720K, used 23502K [0x00000000e2200000, 0x0000000100000000)
  region size 1024K, 2 young (2048K), 1 survivors (1024K)
 Metaspace       used 46094K, capacity 48420K, committed 48592K, reserved 1091584K
  class space    used 6393K, capacity 7363K, committed 7380K, reserved 1048576K
}
Event: 22.829 GC heap after
{Heap after GC invocations=25 (full 0):
 garbage-first heap   total 30720K, used 23532K [0x00000000e2200000, 0x0000000100000000)
  region size 1024K, 1 young (1024K), 1 survivors (1024K)
 Metaspace       used 46094K, capacity 48420K, committed 48592K, reserved 1091584K
  class space    used 6393K, capacity 7363K, committed 7380K, reserved 1048576K
}
Event: 22.839 GC heap before
{Heap before GC invocations=25 (full 0):
 garbage-first heap   total 30720K, used 23532K [0x00000000e2200000, 0x0000000100000000)
  region size 1024K, 2 young (2048K), 1 survivors (1024K)
 Metaspace       used 46094K, capacity 48420K, committed 48592K, reserved 1091584K
  class space    used 6393K, capacity 7363K, committed 7380K, reserved 1048576K
}
Event: 22.842 GC heap after
{Heap after GC invocations=26 (full 0):
 garbage-first heap   total 30720K, used 23529K [0x00000000e2200000, 0x0000000100000000)
  region size 1024K, 1 young (1024K), 1 survivors (1024K)
 Metaspace       used 46094K, capacity 48420K, committed 48592K, reserved 1091584K
  class space    used 6393K, capacity 7363K, committed 7380K, reserved 1048576K
}
Event: 22.866 GC heap before
{Heap before GC invocations=26 (full 0):
 garbage-first heap   total 30720K, used 23529K [0x00000000e2200000, 0x0000000100000000)
  region size 1024K, 2 young (2048K), 1 survivors (1024K)
 Metaspace       used 46094K, capacity 48420K, committed 48592K, reserved 1091584K
  class space    used 6393K, capacity 7363K, committed 7380K, reserved 1048576K
}

