# JRE version: OpenJDK Runtime Environment (11.0.2+9) (build 11.0.2+9)
# Java VM: OpenJDK 64-Bit Server VM (11.0.2+9, mixed mode, tiered, compressed oops, g1 gc, windows-amd64)
Heap:
 garbage-first heap   total 147456K, used 24714K [0x00000000e2200000, 0x0000000100000000)
  region size 1024K, 2 young (2048K), 2 survivors (2048K)
 Metaspace       used 46336K, capacity 48650K, committed 48976K, reserved 1091584K
  class space    used 6426K, capacity 7396K, committed 7504K, reserved 1048576K
GC Heap History (10 events):
Event: 22.466 GC heap after
{Heap after GC invocations=33 (full 0):
 garbage-first heap   total 36864K, used 23420K [0x00000000e2200000, 0x0000000100000000)
  region size 1024K, 1 young (1024K), 1 survivors (1024K)
 Metaspace       used 46187K, capacity 48511K, committed 48720K, reserved 1091584K
  class space    used 6407K, capacity 7392K, committed 7504K, reserved 1048576K
}
Event: 22.527 GC heap before
{Heap before GC invocations=33 (full 0):
 garbage-first heap   total 36864K, used 27516K [0x00000000e2200000, 0x0000000100000000)
  region size 1024K, 6 young (6144K), 1 survivors (1024K)
 Metaspace       used 46230K, capacity 48575K, committed 48720K, reserved 1091584K
  class space    used 6413K, capacity 7392K, committed 7504K, reserved 1048576K
}
Event: 22.540 GC heap after
{Heap after GC invocations=34 (full 0):
 garbage-first heap   total 73728K, used 23583K [0x00000000e2200000, 0x0000000100000000)
  region size 1024K, 1 young (1024K), 1 survivors (1024K)
 Metaspace       used 46230K, capacity 48575K, committed 48720K, reserved 1091584K
  class space    used 6413K, capacity 7392K, committed 7504K, reserved 1048576K
}
Event: 22.873 GC heap before
{Heap before GC invocations=35 (full 0):
 garbage-first heap   total 73728K, used 43039K [0x00000000e2200000, 0x0000000100000000)
  region size 1024K, 22 young (22528K), 1 survivors (1024K)
 Metaspace       used 46277K, capacity 48642K, committed 48976K, reserved 1091584K
  class space    used 6418K, capacity 7393K, committed 7504K, reserved 1048576K
}
Event: 22.880 GC heap after
{Heap after GC invocations=36 (full 0):
 garbage-first heap   total 73728K, used 23770K [0x00000000e2200000, 0x0000000100000000)
  region size 1024K, 1 young (1024K), 1 survivors (1024K)
 Metaspace       used 46277K, capacity 48642K, committed 48976K, reserved 1091584K
  class space    used 6418K, capacity 7393K, committed 7504K, reserved 1048576K
}
Event: 23.113 GC heap before
{Heap before GC invocations=36 (full 0):
 garbage-first heap   total 73728K, used 46298K [0x00000000e2200000, 0x0000000100000000)
  region size 1024K, 24 young (24576K), 1 survivors (1024K)
 Metaspace       used 46284K, capacity 48642K, committed 48976K, reserved 1091584K
  class space    used 6418K, capacity 7393K, committed 7504K, reserved 1048576K
}
Event: 23.121 GC heap after
{Heap after GC invocations=37 (full 0):
 garbage-first heap   total 73728K, used 24135K [0x00000000e2200000, 0x0000000100000000)
  region size 1024K, 2 young (2048K), 2 survivors (2048K)
 Metaspace       used 46284K, capacity 48642K, committed 48976K, reserved 1091584K
  class space    used 6418K, capacity 7393K, committed 7504K, reserved 1048576K
}
Event: 23.306 GC heap before
{Heap before GC invocations=37 (full 0):
 garbage-first heap   total 73728K, used 47687K [0x00000000e2200000, 0x0000000100000000)
  region size 1024K, 27 young (27648K), 2 survivors (2048K)
 Metaspace       used 46297K, capacity 48642K, committed 48976K, reserved 1091584K
  class space    used 6419K, capacity 7393K, committed 7504K, reserved 1048576K
}
Event: 23.315 GC heap after
{Heap after GC invocations=38 (full 0):
 garbage-first heap   total 73728K, used 24318K [0x00000000e2200000, 0x0000000100000000)
  region size 1024K, 2 young (2048K), 2 survivors (2048K)
 Metaspace       used 46297K, capacity 48642K, committed 48976K, reserved 1091584K
  class space    used 6419K, capacity 7393K, committed 7504K, reserved 1048576K
}
Event: 23.556 GC heap before
{Heap before GC invocations=38 (full 0):
 garbage-first heap   total 73728K, used 51966K [0x00000000e2200000, 0x0000000100000000)
  region size 1024K, 30 young (30720K), 2 survivors (2048K)
 Metaspace       used 46336K, capacity 48650K, committed 48976K, reserved 1091584K
  class space    used 6426K, capacity 7396K, committed 7504K, reserved 1048576K
}

