# JRE version: OpenJDK Runtime Environment (11.0.2+9) (build 11.0.2+9)
# Java VM: OpenJDK 64-Bit Server VM (11.0.2+9, mixed mode, tiered, compressed oops, g1 gc, windows-amd64)
Heap:
 garbage-first heap   total 45056K, used 23706K [0x00000000e2200000, 0x0000000100000000)
  region size 1024K, 1 young (1024K), 1 survivors (1024K)
 Metaspace       used 46168K, capacity 48478K, committed 48720K, reserved 1091584K
  class space    used 6393K, capacity 7361K, committed 7508K, reserved 1048576K
GC Heap History (10 events):
Event: 22.271 GC heap after
{Heap after GC invocations=24 (full 0):
 garbage-first heap   total 30720K, used 23655K [0x00000000e2200000, 0x0000000100000000)
  region size 1024K, 1 young (1024K), 1 survivors (1024K)
 Metaspace       used 46138K, capacity 48414K, committed 48720K, reserved 1091584K
  class space    used 6390K, capacity 7361K, committed 7508K, reserved 1048576K
}
Event: 22.294 GC heap before
{Heap before GC invocations=25 (full 0):
 garbage-first heap   total 30720K, used 23655K [0x00000000e2200000, 0x0000000100000000)
  region size 1024K, 2 young (2048K), 1 survivors (1024K)
 Metaspace       used 46139K, capacity 48414K, committed 48720K, reserved 1091584K
  class space    used 6390K, capacity 7361K, committed 7508K, reserved 1048576K
}
Event: 22.299 GC heap after
{Heap after GC invocations=26 (full 0):
 garbage-first heap   total 30720K, used 23686K [0x00000000e2200000, 0x0000000100000000)
  region size 1024K, 1 young (1024K), 1 survivors (1024K)
 Metaspace       used 46139K, capacity 48414K, committed 48720K, reserved 1091584K
  class space    used 6390K, capacity 7361K, committed 7508K, reserved 1048576K
}
Event: 22.311 GC heap before
{Heap before GC invocations=26 (full 0):
 garbage-first heap   total 30720K, used 24710K [0x00000000e2200000, 0x0000000100000000)
  region size 1024K, 2 young (2048K), 1 survivors (1024K)
 Metaspace       used 46163K, capacity 48478K, committed 48720K, reserved 1091584K
  class space    used 6393K, capacity 7361K, committed 7508K, reserved 1048576K
}
Event: 22.315 GC heap after
{Heap after GC invocations=27 (full 0):
 garbage-first heap   total 30720K, used 23690K [0x00000000e2200000, 0x0000000100000000)
  region size 1024K, 1 young (1024K), 1 survivors (1024K)
 Metaspace       used 46163K, capacity 48478K, committed 48720K, reserved 1091584K
  class space    used 6393K, capacity 7361K, committed 7508K, reserved 1048576K
}
Event: 22.339 GC heap before
{Heap before GC invocations=27 (full 0):
 garbage-first heap   total 30720K, used 24714K [0x00000000e2200000, 0x0000000100000000)
  region size 1024K, 2 young (2048K), 1 survivors (1024K)
 Metaspace       used 46166K, capacity 48478K, committed 48720K, reserved 1091584K
  class space    used 6393K, capacity 7361K, committed 7508K, reserved 1048576K
}
Event: 22.341 GC heap after
{Heap after GC invocations=28 (full 0):
 garbage-first heap   total 30720K, used 23689K [0x00000000e2200000, 0x0000000100000000)
  region size 1024K, 1 young (1024K), 1 survivors (1024K)
 Metaspace       used 46166K, capacity 48478K, committed 48720K, reserved 1091584K
  class space    used 6393K, capacity 7361K, committed 7508K, reserved 1048576K
}
Event: 22.353 GC heap before
{Heap before GC invocations=28 (full 0):
 garbage-first heap   total 30720K, used 23689K [0x00000000e2200000, 0x0000000100000000)
  region size 1024K, 2 young (2048K), 1 survivors (1024K)
 Metaspace       used 46168K, capacity 48478K, committed 48720K, reserved 1091584K
  class space    used 6393K, capacity 7361K, committed 7508K, reserved 1048576K
}
Event: 22.356 GC heap after
{Heap after GC invocations=29 (full 0):
 garbage-first heap   total 30720K, used 23684K [0x00000000e2200000, 0x0000000100000000)
  region size 1024K, 1 young (1024K), 1 survivors (1024K)
 Metaspace       used 46168K, capacity 48478K, committed 48720K, reserved 1091584K
  class space    used 6393K, capacity 7361K, committed 7508K, reserved 1048576K
}
Event: 22.370 GC heap before
{Heap before GC invocations=29 (full 0):
 garbage-first heap   total 30720K, used 23684K [0x00000000e2200000, 0x0000000100000000)
  region size 1024K, 2 young (2048K), 1 survivors (1024K)
 Metaspace       used 46168K, capacity 48478K, committed 48720K, reserved 1091584K
  class space    used 6393K, capacity 7361K, committed 7508K, reserved 1048576K
}

