# JRE version: OpenJDK Runtime Environment (11.0.2+9) (build 11.0.2+9)
# Java VM: OpenJDK 64-Bit Server VM (11.0.2+9, mixed mode, tiered, compressed oops, g1 gc, windows-amd64)
Heap:
 garbage-first heap   total 94208K, used 48281K [0x00000000e2200000, 0x0000000100000000)
  region size 1024K, 27 young (27648K), 2 survivors (2048K)
 Metaspace       used 46216K, capacity 48569K, committed 48848K, reserved 1091584K
  class space    used 6407K, capacity 7390K, committed 7472K, reserved 1048576K
GC Heap History (10 events):
Event: 26.268 GC heap before
{Heap before GC invocations=28 (full 0):
 garbage-first heap   total 30720K, used 23853K [0x00000000e2200000, 0x0000000100000000)
  region size 1024K, 2 young (2048K), 1 survivors (1024K)
 Metaspace       used 45869K, capacity 48176K, committed 48208K, reserved 1089536K
  class space    used 6357K, capacity 7323K, committed 7344K, reserved 1048576K
}
Event: 26.274 GC heap after
{Heap after GC invocations=29 (full 0):
 garbage-first heap   total 47104K, used 23846K [0x00000000e2200000, 0x0000000100000000)
  region size 1024K, 1 young (1024K), 1 survivors (1024K)
 Metaspace       used 45869K, capacity 48176K, committed 48208K, reserved 1089536K
  class space    used 6357K, capacity 7323K, committed 7344K, reserved 1048576K
}
Event: 26.588 GC heap before
{Heap before GC invocations=30 (full 0):
 garbage-first heap   total 47104K, used 29990K [0x00000000e2200000, 0x0000000100000000)
  region size 1024K, 9 young (9216K), 1 survivors (1024K)
 Metaspace       used 46076K, capacity 48394K, committed 48592K, reserved 1091584K
  class space    used 6388K, capacity 7353K, committed 7472K, reserved 1048576K
}
Event: 26.595 GC heap after
{Heap after GC invocations=31 (full 0):
 garbage-first heap   total 47104K, used 23971K [0x00000000e2200000, 0x0000000100000000)
  region size 1024K, 1 young (1024K), 1 survivors (1024K)
 Metaspace       used 46076K, capacity 48394K, committed 48592K, reserved 1091584K
  class space    used 6388K, capacity 7353K, committed 7472K, reserved 1048576K
}
Event: 26.668 GC heap before
{Heap before GC invocations=31 (full 0):
 garbage-first heap   total 47104K, used 31139K [0x00000000e2200000, 0x0000000100000000)
  region size 1024K, 9 young (9216K), 1 survivors (1024K)
 Metaspace       used 46095K, capacity 48397K, committed 48592K, reserved 1091584K
  class space    used 6391K, capacity 7354K, committed 7472K, reserved 1048576K
}
Event: 26.680 GC heap after
{Heap after GC invocations=32 (full 0):
 garbage-first heap   total 47104K, used 24050K [0x00000000e2200000, 0x0000000100000000)
  region size 1024K, 1 young (1024K), 1 survivors (1024K)
 Metaspace       used 46095K, capacity 48397K, committed 48592K, reserved 1091584K
  class space    used 6391K, capacity 7354K, committed 7472K, reserved 1048576K
}
Event: 26.810 GC heap before
{Heap before GC invocations=32 (full 0):
 garbage-first heap   total 47104K, used 32242K [0x00000000e2200000, 0x0000000100000000)
  region size 1024K, 11 young (11264K), 1 survivors (1024K)
 Metaspace       used 46100K, capacity 48397K, committed 48592K, reserved 1091584K
  class space    used 6391K, capacity 7354K, committed 7472K, reserved 1048576K
}
Event: 26.816 GC heap after
{Heap after GC invocations=33 (full 0):
 garbage-first heap   total 47104K, used 24206K [0x00000000e2200000, 0x0000000100000000)
  region size 1024K, 1 young (1024K), 1 survivors (1024K)
 Metaspace       used 46100K, capacity 48397K, committed 48592K, reserved 1091584K
  class space    used 6391K, capacity 7354K, committed 7472K, reserved 1048576K
}
Event: 26.949 GC heap before
{Heap before GC invocations=34 (full 0):
 garbage-first heap   total 47104K, used 32398K [0x00000000e2200000, 0x0000000100000000)
  region size 1024K, 11 young (11264K), 1 survivors (1024K)
 Metaspace       used 46145K, capacity 48496K, committed 48592K, reserved 1091584K
  class space    used 6401K, capacity 7387K, committed 7472K, reserved 1048576K
}
Event: 26.963 GC heap after
{Heap after GC invocations=35 (full 0):
 garbage-first heap   total 94208K, used 24351K [0x00000000e2200000, 0x0000000100000000)
  region size 1024K, 1 young (1024K), 1 survivors (1024K)
 Metaspace       used 46145K, capacity 48496K, committed 48592K, reserved 1091584K
  class space    used 6401K, capacity 7387K, committed 7472K, reserved 1048576K
}

