# JRE version: OpenJDK Runtime Environment (11.0.2+9) (build 11.0.2+9)
# Java VM: OpenJDK 64-Bit Server VM (11.0.2+9, mixed mode, tiered, compressed oops, g1 gc, windows-amd64)
Heap:
 garbage-first heap   total 147456K, used 25255K [0x00000000e2200000, 0x0000000100000000)
  region size 1024K, 2 young (2048K), 2 survivors (2048K)
 Metaspace       used 46385K, capacity 48706K, committed 48812K, reserved 1091584K
  class space    used 6431K, capacity 7393K, committed 7424K, reserved 1048576K
GC Heap History (10 events):
Event: 21.696 GC heap after
{Heap after GC invocations=33 (full 0):
 garbage-first heap   total 36864K, used 23832K [0x00000000e2200000, 0x0000000100000000)
  region size 1024K, 1 young (1024K), 1 survivors (1024K)
 Metaspace       used 46261K, capacity 48567K, committed 48812K, reserved 1091584K
  class space    used 6418K, capacity 7389K, committed 7424K, reserved 1048576K
}
Event: 21.768 GC heap before
{Heap before GC invocations=33 (full 0):
 garbage-first heap   total 36864K, used 27928K [0x00000000e2200000, 0x0000000100000000)
  region size 1024K, 6 young (6144K), 1 survivors (1024K)
 Metaspace       used 46262K, capacity 48567K, committed 48812K, reserved 1091584K
  class space    used 6418K, capacity 7389K, committed 7424K, reserved 1048576K
}
Event: 21.778 GC heap after
{Heap after GC invocations=34 (full 0):
 garbage-first heap   total 73728K, used 23863K [0x00000000e2200000, 0x0000000100000000)
  region size 1024K, 1 young (1024K), 1 survivors (1024K)
 Metaspace       used 46262K, capacity 48567K, committed 48812K, reserved 1091584K
  class space    used 6418K, capacity 7389K, committed 7424K, reserved 1048576K
}
Event: 22.208 GC heap before
{Heap before GC invocations=35 (full 0):
 garbage-first heap   total 73728K, used 46391K [0x00000000e2200000, 0x0000000100000000)
  region size 1024K, 24 young (24576K), 1 survivors (1024K)
 Metaspace       used 46316K, capacity 48634K, committed 48812K, reserved 1091584K
  class space    used 6423K, capacity 7390K, committed 7424K, reserved 1048576K
}
Event: 22.217 GC heap after
{Heap after GC invocations=36 (full 0):
 garbage-first heap   total 73728K, used 24244K [0x00000000e2200000, 0x0000000100000000)
  region size 1024K, 1 young (1024K), 1 survivors (1024K)
 Metaspace       used 46316K, capacity 48634K, committed 48812K, reserved 1091584K
  class space    used 6423K, capacity 7390K, committed 7424K, reserved 1048576K
}
Event: 22.442 GC heap before
{Heap before GC invocations=36 (full 0):
 garbage-first heap   total 73728K, used 49844K [0x00000000e2200000, 0x0000000100000000)
  region size 1024K, 28 young (28672K), 1 survivors (1024K)
 Metaspace       used 46327K, capacity 48634K, committed 48812K, reserved 1091584K
  class space    used 6423K, capacity 7390K, committed 7424K, reserved 1048576K
}
Event: 22.449 GC heap after
{Heap after GC invocations=37 (full 0):
 garbage-first heap   total 73728K, used 24562K [0x00000000e2200000, 0x0000000100000000)
  region size 1024K, 2 young (2048K), 2 survivors (2048K)
 Metaspace       used 46327K, capacity 48634K, committed 48812K, reserved 1091584K
  class space    used 6423K, capacity 7390K, committed 7424K, reserved 1048576K
}
Event: 22.649 GC heap before
{Heap before GC invocations=37 (full 0):
 garbage-first heap   total 73728K, used 51186K [0x00000000e2200000, 0x0000000100000000)
  region size 1024K, 30 young (30720K), 2 survivors (2048K)
 Metaspace       used 46344K, capacity 48634K, committed 48812K, reserved 1091584K
  class space    used 6424K, capacity 7390K, committed 7424K, reserved 1048576K
}
Event: 22.659 GC heap after
{Heap after GC invocations=38 (full 0):
 garbage-first heap   total 73728K, used 24854K [0x00000000e2200000, 0x0000000100000000)
  region size 1024K, 2 young (2048K), 2 survivors (2048K)
 Metaspace       used 46344K, capacity 48634K, committed 48812K, reserved 1091584K
  class space    used 6424K, capacity 7390K, committed 7424K, reserved 1048576K
}
Event: 22.888 GC heap before
{Heap before GC invocations=38 (full 0):
 garbage-first heap   total 73728K, used 55574K [0x00000000e2200000, 0x0000000100000000)
  region size 1024K, 33 young (33792K), 2 survivors (2048K)
 Metaspace       used 46385K, capacity 48706K, committed 48812K, reserved 1091584K
  class space    used 6431K, capacity 7393K, committed 7424K, reserved 1048576K
}

