# JRE version: OpenJDK Runtime Environment (11.0.2+9) (build 11.0.2+9)
# Java VM: OpenJDK 64-Bit Server VM (11.0.2+9, mixed mode, tiered, compressed oops, g1 gc, windows-amd64)
Heap:
 garbage-first heap   total 36864K, used 21472K [0x00000000e2200000, 0x0000000100000000)
  region size 1024K, 1 young (1024K), 1 survivors (1024K)
 Metaspace       used 45475K, capacity 47797K, committed 47916K, reserved 1089536K
  class space    used 6316K, capacity 7283K, committed 7296K, reserved 1048576K
GC Heap History (10 events):
Event: 20.519 GC heap after
{Heap after GC invocations=20 (full 0):
 garbage-first heap   total 30720K, used 21258K [0x00000000e2200000, 0x0000000100000000)
  region size 1024K, 1 young (1024K), 1 survivors (1024K)
 Metaspace       used 45454K, capacity 47797K, committed 47916K, reserved 1089536K
  class space    used 6315K, capacity 7283K, committed 7296K, reserved 1048576K
}
Event: 20.570 GC heap before
{Heap before GC invocations=21 (full 0):
 garbage-first heap   total 30720K, used 23306K [0x00000000e2200000, 0x0000000100000000)
  region size 1024K, 4 young (4096K), 1 survivors (1024K)
 Metaspace       used 45473K, capacity 47797K, committed 47916K, reserved 1089536K
  class space    used 6316K, capacity 7283K, committed 7296K, reserved 1048576K
}
Event: 20.573 GC heap after
{Heap after GC invocations=22 (full 0):
 garbage-first heap   total 30720K, used 21302K [0x00000000e2200000, 0x0000000100000000)
  region size 1024K, 1 young (1024K), 1 survivors (1024K)
 Metaspace       used 45473K, capacity 47797K, committed 47916K, reserved 1089536K
  class space    used 6316K, capacity 7283K, committed 7296K, reserved 1048576K
}
Event: 20.618 GC heap before
{Heap before GC invocations=22 (full 0):
 garbage-first heap   total 30720K, used 23350K [0x00000000e2200000, 0x0000000100000000)
  region size 1024K, 4 young (4096K), 1 survivors (1024K)
 Metaspace       used 45475K, capacity 47797K, committed 47916K, reserved 1089536K
  class space    used 6316K, capacity 7283K, committed 7296K, reserved 1048576K
}
Event: 20.623 GC heap after
{Heap after GC invocations=23 (full 0):
 garbage-first heap   total 30720K, used 21363K [0x00000000e2200000, 0x0000000100000000)
  region size 1024K, 1 young (1024K), 1 survivors (1024K)
 Metaspace       used 45475K, capacity 47797K, committed 47916K, reserved 1089536K
  class space    used 6316K, capacity 7283K, committed 7296K, reserved 1048576K
}
Event: 20.680 GC heap before
{Heap before GC invocations=23 (full 0):
 garbage-first heap   total 30720K, used 24435K [0x00000000e2200000, 0x0000000100000000)
  region size 1024K, 4 young (4096K), 1 survivors (1024K)
 Metaspace       used 45475K, capacity 47797K, committed 47916K, reserved 1089536K
  class space    used 6316K, capacity 7283K, committed 7296K, reserved 1048576K
}
Event: 20.685 GC heap after
{Heap after GC invocations=24 (full 0):
 garbage-first heap   total 30720K, used 21358K [0x00000000e2200000, 0x0000000100000000)
  region size 1024K, 1 young (1024K), 1 survivors (1024K)
 Metaspace       used 45475K, capacity 47797K, committed 47916K, reserved 1089536K
  class space    used 6316K, capacity 7283K, committed 7296K, reserved 1048576K
}
Event: 20.713 GC heap before
{Heap before GC invocations=24 (full 0):
 garbage-first heap   total 30720K, used 23406K [0x00000000e2200000, 0x0000000100000000)
  region size 1024K, 4 young (4096K), 1 survivors (1024K)
 Metaspace       used 45475K, capacity 47797K, committed 47916K, reserved 1089536K
  class space    used 6316K, capacity 7283K, committed 7296K, reserved 1048576K
}
Event: 20.716 GC heap after
{Heap after GC invocations=25 (full 0):
 garbage-first heap   total 30720K, used 21389K [0x00000000e2200000, 0x0000000100000000)
  region size 1024K, 1 young (1024K), 1 survivors (1024K)
 Metaspace       used 45475K, capacity 47797K, committed 47916K, reserved 1089536K
  class space    used 6316K, capacity 7283K, committed 7296K, reserved 1048576K
}
Event: 20.755 GC heap before
{Heap before GC invocations=25 (full 0):
 garbage-first heap   total 30720K, used 23437K [0x00000000e2200000, 0x0000000100000000)
  region size 1024K, 4 young (4096K), 1 survivors (1024K)
 Metaspace       used 45475K, capacity 47797K, committed 47916K, reserved 1089536K
  class space    used 6316K, capacity 7283K, committed 7296K, reserved 1048576K
}

